<?xml version="1.0" encoding="UTF-8"?>
<!-- Generated by org.testng.reporters.JUnitXMLReporter -->
<testsuite hostname="Lana-laptop" name="Test1" tests="30" failures="1" timestamp="14 Aug 2014 13:20:46 GMT" time="407.821" errors="0">
  <testcase name="testUntitled4" time="20.33" classname="home.JS_error">
    <failure type="org.openqa.selenium.WebDriverException" message="unknown error: result was not received in 10 seconds
  (Session info: chrome=36.0.1985.125)
  (Driver info: chromedriver=2.9.248315,platform=Windows NT 6.2 x86_64) (WARNING: The server did not provide any stacktrace information)
Command duration or timeout: 19.99 seconds
Build info: version: &amp;apos;2.40.0&amp;apos;, revision: &amp;apos;4c5c0568b004f67810ee41c459549aa4b09c651e&amp;apos;, time: &amp;apos;2014-02-19 11:13:01&amp;apos;
System info: host: &amp;apos;Lana-laptop&amp;apos;, ip: &amp;apos;192.168.56.1&amp;apos;, os.name: &amp;apos;Windows 8&amp;apos;, os.arch: &amp;apos;amd64&amp;apos;, os.version: &amp;apos;6.2&amp;apos;, java.version: &amp;apos;1.7.0_45&amp;apos;
Session ID: 795b3bbdc5f8a31c1ea89e48bdebfc00
Driver info: org.openqa.selenium.chrome.ChromeDriver
Capabilities [{platform=WIN8, acceptSslCerts=true, javascriptEnabled=true, browserName=chrome, chrome={userDataDir=C:\Users\Lana\AppData\Local\Temp\scoped_dir7700_11784}, rotatable=false, locationContextEnabled=true, version=36.0.1985.125, takesHeapSnapshot=true, cssSelectorsEnabled=true, databaseEnabled=false, handlesAlerts=true, browserConnectionEnabled=false, nativeEvents=true, webStorageEnabled=true, applicationCacheEnabled=false, takesScreenshot=true}]">
      <![CDATA[org.openqa.selenium.WebDriverException: unknown error: result was not received in 10 seconds
  (Session info: chrome=36.0.1985.125)
  (Driver info: chromedriver=2.9.248315,platform=Windows NT 6.2 x86_64) (WARNING: The server did not provide any stacktrace information)
Command duration or timeout: 19.99 seconds
Build info: version: '2.40.0', revision: '4c5c0568b004f67810ee41c459549aa4b09c651e', time: '2014-02-19 11:13:01'
System info: host: 'Lana-laptop', ip: '192.168.56.1', os.name: 'Windows 8', os.arch: 'amd64', os.version: '6.2', java.version: '1.7.0_45'
Session ID: 795b3bbdc5f8a31c1ea89e48bdebfc00
Driver info: org.openqa.selenium.chrome.ChromeDriver
Capabilities [{platform=WIN8, acceptSslCerts=true, javascriptEnabled=true, browserName=chrome, chrome={userDataDir=C:\Users\Lana\AppData\Local\Temp\scoped_dir7700_11784}, rotatable=false, locationContextEnabled=true, version=36.0.1985.125, takesHeapSnapshot=true, cssSelectorsEnabled=true, databaseEnabled=false, handlesAlerts=true, browserConnectionEnabled=false, nativeEvents=true, webStorageEnabled=true, applicationCacheEnabled=false, takesScreenshot=true}]
	at org.openqa.selenium.remote.ErrorHandler.createThrowable(ErrorHandler.java:193)
	at org.openqa.selenium.remote.ErrorHandler.throwIfResponseFailed(ErrorHandler.java:145)
	at org.openqa.selenium.remote.RemoteWebDriver.execute(RemoteWebDriver.java:573)
	at org.openqa.selenium.remote.RemoteWebDriver$RemoteWebDriverOptions$RemoteWindow.maximize(RemoteWebDriver.java:803)
	at home.JS_error.testUntitled4(JS_error.java:31)
... Removed 31 stack frames]]>
    </failure>
  </testcase> <!-- testUntitled4 -->
  <testcase name="testUntitled4" time="17.999" classname="about.JS_error"/>
  <testcase name="testUntitled4" time="16.633" classname="clients.JS_error"/>
  <testcase name="testUntitled4" time="1.411" classname="services.JS_error"/>
  <testcase name="testUntitled4" time="1.357" classname="contact.JS_error"/>
  <testcase name="testUntitled4" time="8.535" classname="blog.JS_error_blog"/>
  <testcase name="testUntitled4" time="1.047" classname="blog.JS_error_post"/>
  <testcase name="testUntitled" time="10.857" classname="home.Newsletter_empty"/>
  <testcase name="testUntitled2" time="1.267" classname="home.Newsletter_invalid"/>
  <testcase name="testUntitled3" time="2.449" classname="home.Newsletter_valid"/>
  <testcase name="testUntitled4" time="6.509" classname="home.Banner"/>
  <testcase name="testUntitled5" time="17.089" classname="about.Tabs"/>
  <testcase name="testUntitled6" time="2.088" classname="about.Contact_us"/>
  <testcase name="testUntitled8" time="9.853" classname="clients.Details"/>
  <testcase name="testUntitled9" time="2.428" classname="clients.Details_elements"/>
  <testcase name="testUntitled10" time="11.016" classname="clients.Navigation"/>
  <testcase name="testUntitled7" time="12.985" classname="clients.Website"/>
  <testcase name="testUntitled2" time="2.679" classname="services.Page"/>
  <testcase name="testUntitled3" time="4.558" classname="contact.Form_invalid"/>
  <testcase name="testUntitled4" time="0.943" classname="contact.Form_empty"/>
  <testcase name="testUntitled6" time="46.222" classname="contact.Form_valid"/>
  <testcase name="testUntitled6" time="9.369" classname="contact.Contact_email_change"/>
  <testcase name="testUntitled" time="17.582" classname="blog.Captcha_empty"/>
  <testcase name="testUntitled2" time="9.556" classname="blog.Captcha_invalid"/>
  <testcase name="testUntitled3" time="16.876" classname="blog.Captcha_disable"/>
  <testcase name="testUntitled4" time="95.187" classname="blog.Comment"/>
  <testcase name="testUntitled3" time="14.756" classname="blog.Captche_enable"/>
  <testcase name="testUntitled" time="2.677" classname="blog.Details_page"/>
  <testcase name="testUntitled2" time="0.751" classname="blog.Blog_page"/>
  <testcase name="testUntitled3" time="3.365" classname="blog.Search"/>
</testsuite> <!-- Test1 -->
