<?xml version="1.0" encoding="UTF-8"?>
<!-- Generated by org.testng.reporters.JUnitReportReporter -->
<testsuite hostname="PC-SBARANOVA" name="home.JS_error$Email" tests="1" failures="1" timestamp="14 Jan 2015 09:10:29 GMT" time="0.347" errors="0">
  <testcase name="testUntitled2" time="0.347" classname="home.JS_error$Email">
    <failure type="java.lang.IllegalArgumentException" message="No enum constant org.openqa.selenium.Platform.Windows 8.1">
      <![CDATA[java.lang.IllegalArgumentException: No enum constant org.openqa.selenium.Platform.Windows 8.1
	at java.lang.Enum.valueOf(Enum.java:238)
	at org.openqa.selenium.Platform.valueOf(Platform.java:1)
	at org.openqa.selenium.remote.DesiredCapabilities.setCapability(DesiredCapabilities.java:168)
	at home.JS_error$Email.createDriver(JS_error.java:45)
	at home.JS_error$Email.testUntitled2(JS_error.java:57)
	at sun.reflect.NativeMethodAccessorImpl.invoke0(Native Method)
	at sun.reflect.NativeMethodAccessorImpl.invoke(NativeMethodAccessorImpl.java:62)
	at sun.reflect.DelegatingMethodAccessorImpl.invoke(DelegatingMethodAccessorImpl.java:43)
	at java.lang.reflect.Method.invoke(Method.java:483)
	at org.testng.internal.MethodInvocationHelper.invokeMethod(MethodInvocationHelper.java:84)
	at org.testng.internal.Invoker.invokeMethod(Invoker.java:714)
	at org.testng.internal.Invoker.invokeTestMethod(Invoker.java:901)
	at org.testng.internal.TestMethodWithDataProviderMethodWorker.call(TestMethodWithDataProviderMethodWorker.java:73)
	at org.testng.internal.TestMethodWithDataProviderMethodWorker.call(TestMethodWithDataProviderMethodWorker.java:14)
	at java.util.concurrent.FutureTask.run(FutureTask.java:266)
	at java.util.concurrent.Executors$RunnableAdapter.call(Executors.java:511)
	at java.util.concurrent.FutureTask.run(FutureTask.java:266)
	at java.util.concurrent.ThreadPoolExecutor.runWorker(ThreadPoolExecutor.java:1142)
	at java.util.concurrent.ThreadPoolExecutor$Worker.run(ThreadPoolExecutor.java:617)
	at java.lang.Thread.run(Thread.java:745)
]]>
    </failure>
  </testcase> <!-- testUntitled2 -->
</testsuite> <!-- home.JS_error$Email -->
